[NX Daemon Server] - 2026-04-14T13:28:55.891Z - Started listening on: /private/var/folders/zd/hkf03s8x4m96081pkhw36brm0000gn/T/6a9a426f83c5ba2b2223/d.sock
[NX Daemon Server] - 2026-04-14T13:28:55.892Z - [WATCHER]: Subscribed to changes within: /Users/anastasiia/Documents/_it/ng-highcharts-canvas (native)
[NX Daemon Server] - 2026-04-14T13:28:55.899Z - Established a connection. Number of open connections: 1
[NX Daemon Server] - 2026-04-14T13:28:55.899Z - Established a connection. Number of open connections: 2
[NX Daemon Server] - 2026-04-14T13:28:55.900Z - Closed a connection. Number of open connections: 1
[NX Daemon Server] - 2026-04-14T13:28:55.900Z - [REQUEST]: Client Request for Project Graph Received
[NX Daemon Server] - 2026-04-14T13:28:55.954Z - [WATCHER]: Processing file changes in outputs
[NX Daemon Server] - 2026-04-14T13:28:55.977Z - [REQUEST]: Updated workspace context based on watched changes, recomputing project graph...
[NX Daemon Server] - 2026-04-14T13:28:55.977Z - [REQUEST]: 
[NX Daemon Server] - 2026-04-14T13:28:55.977Z - [REQUEST]: 
[NX Daemon Server] - 2026-04-14T13:28:55.980Z - Time taken for 'loadNxPlugins' 76.23245800000001ms
[NX Daemon Server] - 2026-04-14T13:28:55.994Z - Time taken for 'build-project-configs' 9.443457999999993ms
[NX Daemon Server] - 2026-04-14T13:28:56.032Z - [SYNC]: collect registered sync generators
[NX Daemon Server] - 2026-04-14T13:28:56.032Z - [REQUEST]: Responding to the client. project-graph
[NX Daemon Server] - 2026-04-14T13:28:56.032Z - Time taken for 'total for creating and serializing project graph' 131.87925ms
[NX Daemon Server] - 2026-04-14T13:28:56.033Z - Done responding to the client project-graph
[NX Daemon Server] - 2026-04-14T13:28:56.033Z - Handled REQUEST_PROJECT_GRAPH. Handling time: 132. Response time: 1.
[NX Daemon Server] - 2026-04-14T13:28:56.036Z - [REQUEST]: Client Request for Project Graph Received
[NX Daemon Server] - 2026-04-14T13:28:56.036Z - [REQUEST]: Responding to the client. project-graph
[NX Daemon Server] - 2026-04-14T13:28:56.036Z - Time taken for 'total for creating and serializing project graph' 0.06158400000001052ms
[NX Daemon Server] - 2026-04-14T13:28:56.037Z - Done responding to the client project-graph
[NX Daemon Server] - 2026-04-14T13:28:56.037Z - Handled REQUEST_PROJECT_GRAPH. Handling time: 0. Response time: 1.
[NX Daemon Server] - 2026-04-14T13:28:56.038Z - Established a connection. Number of open connections: 2
[NX Daemon Server] - 2026-04-14T13:28:56.039Z - [REQUEST]: Client Request for Project Graph Received
[NX Daemon Server] - 2026-04-14T13:28:56.039Z - [REQUEST]: Responding to the client. project-graph
[NX Daemon Server] - 2026-04-14T13:28:56.039Z - Time taken for 'total for creating and serializing project graph' 0.04808400000001711ms
[NX Daemon Server] - 2026-04-14T13:28:56.043Z - Done responding to the client project-graph
[NX Daemon Server] - 2026-04-14T13:28:56.043Z - Handled REQUEST_PROJECT_GRAPH. Handling time: 0. Response time: 4.
[NX Daemon Server] - 2026-04-14T13:28:56.050Z - Closed a connection. Number of open connections: 1
[NX Daemon Server] - 2026-04-14T13:28:56.050Z - Closed a connection. Number of open connections: 0
[NX Daemon Server] - 2026-04-14T13:32:11.223Z - Established a connection. Number of open connections: 1
[NX Daemon Server] - 2026-04-14T13:32:11.225Z - Established a connection. Number of open connections: 2
[NX Daemon Server] - 2026-04-14T13:32:11.226Z - Closed a connection. Number of open connections: 1
[NX Daemon Server] - 2026-04-14T13:32:11.229Z - [REQUEST]: Client Request for Project Graph Received
[NX Daemon Server] - 2026-04-14T13:32:11.230Z - [REQUEST]: Responding to the client. project-graph
[NX Daemon Server] - 2026-04-14T13:32:11.231Z - Time taken for 'total for creating and serializing project graph' 0.8209579999966081ms
[NX Daemon Server] - 2026-04-14T13:32:11.233Z - Done responding to the client project-graph
[NX Daemon Server] - 2026-04-14T13:32:11.233Z - Handled REQUEST_PROJECT_GRAPH. Handling time: 1. Response time: 3.
[NX Daemon Server] - 2026-04-14T13:32:11.286Z - [REQUEST]: Responding to the client. handleHashTasks
[NX Daemon Server] - 2026-04-14T13:32:11.287Z - Done responding to the client handleHashTasks
[NX Daemon Server] - 2026-04-14T13:32:11.287Z - Handled HASH_TASKS. Handling time: 25. Response time: 1.
[NX Daemon Server] - 2026-04-14T13:32:11.723Z - Established a connection. Number of open connections: 2
[NX Daemon Server] - 2026-04-14T13:32:11.723Z - Established a connection. Number of open connections: 3
[NX Daemon Server] - 2026-04-14T13:32:11.724Z - Closed a connection. Number of open connections: 2
[NX Daemon Server] - 2026-04-14T13:32:11.725Z - [REQUEST]: Client Request for Project Graph Received
[NX Daemon Server] - 2026-04-14T13:32:11.726Z - [REQUEST]: Responding to the client. project-graph
[NX Daemon Server] - 2026-04-14T13:32:11.726Z - Time taken for 'total for creating and serializing project graph' 0.4934589999902528ms
[NX Daemon Server] - 2026-04-14T13:32:11.728Z - Done responding to the client project-graph
[NX Daemon Server] - 2026-04-14T13:32:11.728Z - Handled REQUEST_PROJECT_GRAPH. Handling time: 1. Response time: 2.
[NX Daemon Server] - 2026-04-14T13:32:13.237Z - [WATCHER]: Processing file changes in outputs
[NX Daemon Server] - 2026-04-14T13:32:13.296Z - [WATCHER]: Processing file changes in outputs
[NX Daemon Server] - 2026-04-14T13:32:14.331Z - [WATCHER]: Processing file changes in outputs
[NX Daemon Server] - 2026-04-14T13:32:40.472Z - [WATCHER]: Processing file changes in outputs
